[LOG_HEADER] SST robustness sweep console mirror
[LOG_HEADER] script_version=v10.3_master started_wall=2026-06-29T21:01:58
[LOG_HEADER] log_path=C:\workspace\projects\SSTcore\SST_Dashboard\trefoil_closure\exports\sst_knot_v10_3_gui_run\console_log_20260629_210158.log
[LOG_HEADER] cwd=C:\workspace\projects\SSTcore\SST_Dashboard\trefoil_closure
[LOG_HEADER] argv=['C:\\workspace\\projects\\SSTcore\\SST_Dashboard\\trefoil_closure\\sst_knot_candidate_robustness_sweep_v10_3_master_sweep.py', '--output-dir', 'C:\\workspace\\projects\\SSTcore\\SST_Dashboard\\trefoil_closure\\exports\\sst_knot_v10_3_gui_run', '--mode', 'ideal', '--preset', 'fast', '--backend', 'auto', '--sweep-layout', 'matrix', '--parallel-scope', 'auto', '--max-workers', '0', '--external-knotlib', 'auto', '--knot-preset', 'leptons / quarks / …', '--contact-model', 'legacy', '--root-selection-mode', 'continuation', '--branch-mode', 'closest_to_a_nc', '--emit-v5-logs', '1', '--run-v6-shiftfree-postcheck', '1', '--extrap-min-nint', '8000', '--sst-project-root', 'C:\\workspace\\projects\\SSTcore', '--sst-cmake-config', 'Release']
[LOG_HEADER] python=3.12.12 platform=win32
[LOG_HEADER] numpy=2.3.5 pandas=2.3.3 scipy=1.16.3 torch=2.5.1+cxx11.abi cuda_available=False
[LOG_HEADER] output_base_dir=C:\workspace\projects\SSTcore\SST_Dashboard\trefoil_closure\exports\sst_knot_v10_3_gui_run
[LOG_HEADER] knot_ids=['3:1:1', '5:1:1', '7:1:1', '5:1:2', '6:1:1', '7:1:2', '8:1:1', '9:1:2', '10:1:1']
---
[META] console_log_path=C:\workspace\projects\SSTcore\SST_Dashboard\trefoil_closure\exports\sst_knot_v10_3_gui_run\console_log_20260629_210158.log
[META] v10.3 knot batch = ['3:1:1', '5:1:1', '7:1:1', '5:1:2', '6:1:1', '7:1:2', '8:1:1', '9:1:2', '10:1:1']
[META] external_knotlib=auto spherogram_available=True

==========================================================================================
[PAR][GLOBAL] enabled: workers=19 total_tasks=36 knots=9 scope=auto
==========================================================================================
[META] Queue knot 1/9 : 3:1:1 -> 4 tasks
[META] Queue knot 2/9 : 5:1:1 -> 4 tasks
[META] Queue knot 3/9 : 7:1:1 -> 4 tasks
[META] Queue knot 4/9 : 5:1:2 -> 4 tasks
[META] Queue knot 5/9 : 6:1:1 -> 4 tasks
[META] Queue knot 6/9 : 7:1:2 -> 4 tasks
[META] Queue knot 7/9 : 8:1:1 -> 4 tasks
[META] Queue knot 8/9 : 9:1:2 -> 4 tasks
[META] Queue knot 9/9 : 10:1:1 -> 4 tasks
[PAR][GLOBAL] done 1/36 knot=5:1:2 1/4 Ng=4000 Ni=2000 scan=11.452s fit=0.037s best_A_ratio=0.984834 best_a_nc_over_rc=0.992388
[PAR][GLOBAL] done 2/36 knot=3:1:1 1/4 Ng=4000 Ni=2000 scan=11.446s fit=0.003s best_A_ratio=0.994954 best_a_nc_over_rc=0.997474
[PAR][GLOBAL] done 3/36 knot=7:1:1 1/4 Ng=4000 Ni=2000 scan=11.582s fit=0.004s best_A_ratio=0.984339 best_a_nc_over_rc=0.992139
[PAR][GLOBAL] done 4/36 knot=6:1:1 1/4 Ng=4000 Ni=2000 scan=11.244s fit=0.004s best_A_ratio=0.989582 best_a_nc_over_rc=0.994777
[PAR][GLOBAL] done 5/36 knot=5:1:1 1/4 Ng=8000 Ni=2000 scan=11.373s fit=0.004s best_A_ratio=0.980900 best_a_nc_over_rc=0.990404
[PAR][GLOBAL] done 6/36 knot=5:1:2 2/4 Ng=8000 Ni=2000 scan=11.500s fit=0.004s best_A_ratio=0.984834 best_a_nc_over_rc=0.992388
[PAR][GLOBAL] done 7/36 knot=5:1:1 2/4 Ng=4000 Ni=2000 scan=11.564s fit=0.003s best_A_ratio=0.980900 best_a_nc_over_rc=0.990404
[PAR][GLOBAL] done 8/36 knot=6:1:1 2/4 Ng=8000 Ni=2000 scan=11.479s fit=0.003s best_A_ratio=0.989582 best_a_nc_over_rc=0.994777
[PAR][GLOBAL] done 9/36 knot=7:1:1 2/4 Ng=8000 Ni=2000 scan=11.513s fit=0.004s best_A_ratio=0.984339 best_a_nc_over_rc=0.992139
[PAR][GLOBAL] done 10/36 knot=3:1:1 2/4 Ng=8000 Ni=2000 scan=11.398s fit=0.005s best_A_ratio=0.994954 best_a_nc_over_rc=0.997474

[LOG_FOOTER] closed_wall=2026-06-29T21:03:10 total_script_s=71.728
